<?xml version="1.0" encoding="UTF-8"?>
<!-- Generated by org.testng.reporters.JUnitXMLReporter -->
<testsuite ignored="0" hostname="DESKTOP-ADK2TDI" failures="1" tests="2" name="Command line test" time="0.051" errors="0" timestamp="2022-11-13T23:06:22 GMT">
  <testcase classname="currencyconvertertest.CurrencyConverterTest" name="test" time="0.01">
    <failure type="java.lang.AssertionError" message="expected:&amp;lt;$131 £84&amp;gt; but was:&amp;lt;&amp;gt;">
      <![CDATA[java.lang.AssertionError: expected:<$131 £84> but was:<>
at currencyconvertertest.CurrencyConverterTest.test(CurrencyConverterTest.java:19)
at java.base/java.util.ArrayList.forEach(ArrayList.java:1541)
... Removed 38 stack frames]]>
    </failure>
  </testcase> <!-- test -->
  <testcase classname="currencyconvertertest.CurrencyConverterTest" name="testNormalInput" time="0.003"/>
</testsuite> <!-- Command line test -->
