<?xml version="1.0" encoding="UTF-8"?>
<!-- Generated by org.testng.reporters.JUnitXMLReporter -->
<testsuite ignored="0" hostname="DESKTOP-ADK2TDI" failures="0" tests="6" name="Command line test" time="0.046" errors="0" timestamp="2022-11-14T02:08:30 GMT">
  <testcase classname="currencyconvertertest.CurrencyConverterTest" name="testLargeAmount" time="0.009"/>
  <testcase classname="currencyconvertertest.CurrencyConverterTest" name="testNoInput" time="0.0"/>
  <testcase classname="currencyconvertertest.CurrencyConverterTest" name="testNormalInput" time="0.001"/>
  <testcase classname="currencyconvertertest.CurrencyConverterTest" name="testRandomAmount" time="0.001"/>
  <testcase classname="currencyconvertertest.CurrencyConverterTest" name="testRandomCharacter" time="0.0"/>
  <testcase classname="currencyconvertertest.CurrencyConverterTest" name="testTextManipulation" time="0.002"/>
</testsuite> <!-- Command line test -->
