<?xml version="1.0" encoding="UTF-8" ?>
<testsuite tests="2" failures="1" name="currencyconvertertest.CurrencyConverterTest" time="0.015" errors="0" skipped="0">
  <properties>
[...]
</properties>
  <testcase classname="currencyconvertertest.CurrencyConverterTest" name="test" time="0.013">
    <failure message="expected:&lt;$131 £84&gt; but was:&lt;&gt;" type="java.lang.AssertionError">java.lang.AssertionError: expected:&lt;$131 £84&gt; but was:&lt;&gt;
	at org.testng.AssertJUnit.assertEquals(AssertJUnit.java:115)
	at org.testng.AssertJUnit.assertEquals(AssertJUnit.java:125)
	at currencyconvertertest.CurrencyConverterTest.test(CurrencyConverterTest.java:19)
</failure>
    <system-out>Configuring TestNG with: org.apache.maven.surefire.testng.conf.TestNG652Configurator@71bbf57e
Thank you for using the converter.
</system-out>
    <system-err>SLF4J: Failed to load class &quot;org.slf4j.impl.StaticLoggerBinder&quot;.
SLF4J: Defaulting to no-operation (NOP) logger implementation
SLF4J: See http://www.slf4j.org/codes.html#StaticLoggerBinder for further details.
</system-err>
  </testcase>
  <testcase classname="currencyconvertertest.CurrencyConverterTest" name="testNormalInput" time="0.002"/>
</testsuite>