<?xml version="1.0" encoding="UTF-8"?>
<testng-results ignored="0" total="6" passed="6" failed="0" skipped="0">
  <reporter-output>
  </reporter-output>
  <suite started-at="2022-11-14T02:08:30 GMT" name="currencyconvertertest.CurrencyConverterTest" finished-at="2022-11-14T02:08:30 GMT" duration-ms="46">
    <groups>
    </groups>
    <test started-at="2022-11-14T02:08:30 GMT" name="Command line test" finished-at="2022-11-14T02:08:30 GMT" duration-ms="46">
      <class name="currencyconvertertest.CurrencyConverterTest">
        <test-method signature="testLargeAmount()[pri:0, instance:currencyconvertertest.CurrencyConverterTest@62379589]" started-at="2022-11-14T02:08:30 GMT" name="testLargeAmount" finished-at="2022-11-14T02:08:30 GMT" duration-ms="9" status="PASS">
          <reporter-output>
          </reporter-output>
        </test-method> <!-- testLargeAmount -->
        <test-method signature="testNoInput()[pri:0, instance:currencyconvertertest.CurrencyConverterTest@62379589]" started-at="2022-11-14T02:08:30 GMT" name="testNoInput" finished-at="2022-11-14T02:08:30 GMT" duration-ms="0" status="PASS">
          <reporter-output>
          </reporter-output>
        </test-method> <!-- testNoInput -->
        <test-method signature="testNormalInput()[pri:0, instance:currencyconvertertest.CurrencyConverterTest@62379589]" started-at="2022-11-14T02:08:30 GMT" name="testNormalInput" finished-at="2022-11-14T02:08:30 GMT" duration-ms="1" status="PASS">
          <reporter-output>
          </reporter-output>
        </test-method> <!-- testNormalInput -->
        <test-method signature="testRandomAmount()[pri:0, instance:currencyconvertertest.CurrencyConverterTest@62379589]" started-at="2022-11-14T02:08:30 GMT" name="testRandomAmount" finished-at="2022-11-14T02:08:30 GMT" duration-ms="1" status="PASS">
          <reporter-output>
          </reporter-output>
        </test-method> <!-- testRandomAmount -->
        <test-method signature="testRandomCharacter()[pri:0, instance:currencyconvertertest.CurrencyConverterTest@62379589]" started-at="2022-11-14T02:08:30 GMT" name="testRandomCharacter" finished-at="2022-11-14T02:08:30 GMT" duration-ms="0" status="PASS">
          <reporter-output>
          </reporter-output>
        </test-method> <!-- testRandomCharacter -->
        <test-method signature="testTextManipulation()[pri:0, instance:currencyconvertertest.CurrencyConverterTest@62379589]" started-at="2022-11-14T02:08:30 GMT" name="testTextManipulation" finished-at="2022-11-14T02:08:30 GMT" duration-ms="2" status="PASS">
          <reporter-output>
          </reporter-output>
        </test-method> <!-- testTextManipulation -->
      </class> <!-- currencyconvertertest.CurrencyConverterTest -->
    </test> <!-- Command line test -->
  </suite> <!-- currencyconvertertest.CurrencyConverterTest -->
</testng-results>
